<?xml version="1.0" encoding="UTF-8"?>
<!-- Generated by org.testng.reporters.JUnitReportReporter -->
<testsuite hostname="DESKTOP-BAU3675" failures="0" tests="1" name="com.ci.qa.testcases.BatchesPageTest" time="12.012" errors="0" timestamp="2023-10-26T17:56:13 IST" skipped="0">
  <testcase classname="com.ci.qa.testcases.BatchesPageTest" name="fillFormTest" time="12.012"/>
</testsuite> <!-- com.ci.qa.testcases.BatchesPageTest -->
