<?xml version="1.0" encoding="UTF-8"?>
<!-- Generated by org.testng.reporters.JUnitReportReporter -->
<testsuite hostname="DESKTOP-BAU3675" failures="0" tests="1" name="com.ci.qa.testcases.BatchesPageTest" time="13.223" errors="0" timestamp="2023-10-28T12:03:08 IST" skipped="0">
  <testcase classname="com.ci.qa.testcases.BatchesPageTest" name="fillFormTest" time="13.223"/>
</testsuite> <!-- com.ci.qa.testcases.BatchesPageTest -->
