<?xml version="1.0" encoding="UTF-8"?>
<!-- Generated by org.testng.reporters.JUnitReportReporter -->
<testsuite hostname="DESKTOP-BAU3675" failures="0" tests="2" name="com.ci.qa.testcases.LoginPageTest" time="22.097" errors="0" timestamp="2023-10-28T12:03:08 IST" skipped="0">
  <testcase classname="com.ci.qa.testcases.LoginPageTest" name="loginPageTitleTest" time="3.925"/>
  <testcase classname="com.ci.qa.testcases.LoginPageTest" name="loginTest" time="18.172"/>
</testsuite> <!-- com.ci.qa.testcases.LoginPageTest -->
