<?xml version="1.0" encoding="UTF-8"?>
<!-- Generated by org.testng.reporters.JUnitReportReporter -->
<testsuite hostname="DESKTOP-BAU3675" failures="0" tests="1" name="com.ci.qa.testcases.CreateOrderForCoursePageTest" time="13.074" errors="0" timestamp="2023-10-28T14:16:50 IST" skipped="0">
  <testcase classname="com.ci.qa.testcases.CreateOrderForCoursePageTest" name="addOrderFormTest" time="13.074"/>
</testsuite> <!-- com.ci.qa.testcases.CreateOrderForCoursePageTest -->
